This is pdfTeX, Version 3.141592653-2.6-1.40.25 (TeX Live 2023) (preloaded format=pdflatex 2023.3.26)  23 JUN 2023 17:44
entering extended mode
 restricted \write18 enabled.
 %&-line parsing enabled.
**report.tex
(./report.tex
LaTeX2e <2022-11-01> patch level 1
L3 programming layer <2023-02-22>
(d:/texlive/2023/texmf-dist/tex/latex/base/article.cls
Document Class: article 2022/07/02 v1.4n Standard LaTeX document class
(d:/texlive/2023/texmf-dist/tex/latex/base/size10.clo
File: size10.clo 2022/07/02 v1.4n Standard LaTeX file (size option)
)
\c@part=\count185
\c@section=\count186
\c@subsection=\count187
\c@subsubsection=\count188
\c@paragraph=\count189
\c@subparagraph=\count190
\c@figure=\count191
\c@table=\count192
\abovecaptionskip=\skip48
\belowcaptionskip=\skip49
\bibindent=\dimen140
)
(d:/texlive/2023/texmf-dist/tex/latex/tools/verbatim.sty
Package: verbatim 2022-07-02 v1.5u LaTeX2e package for verbatim enhancements
\every@verbatim=\toks16
\verbatim@line=\toks17
\verbatim@in@stream=\read2
)
(d:/texlive/2023/texmf-dist/tex/latex/fancyhdr/fancyhdr.sty
Package: fancyhdr 2022/11/09 v4.1 Extensive control of page headers and footers

\f@nch@headwidth=\skip50
\f@nch@O@elh=\skip51
\f@nch@O@erh=\skip52
\f@nch@O@olh=\skip53
\f@nch@O@orh=\skip54
\f@nch@O@elf=\skip55
\f@nch@O@erf=\skip56
\f@nch@O@olf=\skip57
\f@nch@O@orf=\skip58
)
(d:/texlive/2023/texmf-dist/tex/latex/amsfonts/amssymb.sty
Package: amssymb 2013/01/14 v3.01 AMS font symbols

(d:/texlive/2023/texmf-dist/tex/latex/amsfonts/amsfonts.sty
Package: amsfonts 2013/01/14 v3.01 Basic AMSFonts support
\@emptytoks=\toks18
\symAMSa=\mathgroup4
\symAMSb=\mathgroup5
LaTeX Font Info:    Redeclaring math symbol \hbar on input line 98.
LaTeX Font Info:    Overwriting math alphabet `\mathfrak' in version `bold'
(Font)                  U/euf/m/n --> U/euf/b/n on input line 106.
))
(d:/texlive/2023/texmf-dist/tex/latex/ctex/ctex.sty
(d:/texlive/2023/texmf-dist/tex/latex/l3kernel/expl3.sty
Package: expl3 2023-02-22 L3 programming layer (loader) 

(d:/texlive/2023/texmf-dist/tex/latex/l3backend/l3backend-pdftex.def
File: l3backend-pdftex.def 2023-01-16 L3 backend support: PDF output (pdfTeX)
\l__color_backend_stack_int=\count193
\l__pdf_internal_box=\box51
))
Package: ctex 2022/07/14 v2.5.10 Chinese adapter in LaTeX (CTEX)

(d:/texlive/2023/texmf-dist/tex/latex/ctex/ctexhook.sty
Package: ctexhook 2022/07/14 v2.5.10 Document and package hooks (CTEX)
)
(d:/texlive/2023/texmf-dist/tex/latex/ctex/ctexpatch.sty
Package: ctexpatch 2022/07/14 v2.5.10 Patching commands (CTEX)
)
(d:/texlive/2023/texmf-dist/tex/latex/base/fix-cm.sty
Package: fix-cm 2020/11/24 v1.1t fixes to LaTeX

(d:/texlive/2023/texmf-dist/tex/latex/base/ts1enc.def
File: ts1enc.def 2001/06/05 v3.0e (jk/car/fm) Standard LaTeX file
LaTeX Font Info:    Redeclaring font encoding TS1 on input line 47.
))
\l__ctex_tmp_int=\count194
\l__ctex_tmp_box=\box52
\l__ctex_tmp_dim=\dimen141
\g__ctex_section_depth_int=\count195
\g__ctex_font_size_int=\count196

(d:/texlive/2023/texmf-dist/tex/latex/ctex/config/ctexopts.cfg
File: ctexopts.cfg 2022/07/14 v2.5.10 Option configuration file (CTEX)
)

Package ctex Warning: UTF8 will be used as the default encoding.

(d:/texlive/2023/texmf-dist/tex/latex/ctex/engine/ctex-engine-pdftex.def
File: ctex-engine-pdftex.def 2022/07/14 v2.5.10 (pdf)LaTeX adapter (CTEX)

(d:/texlive/2023/texmf-dist/tex/latex/cjk/texinput/CJKutf8.sty
Package: CJKutf8 2021/10/16 4.8.5

(d:/texlive/2023/texmf-dist/tex/generic/iftex/ifpdf.sty
Package: ifpdf 2019/10/25 v3.4 ifpdf legacy package. Use iftex instead.

(d:/texlive/2023/texmf-dist/tex/generic/iftex/iftex.sty
Package: iftex 2022/02/03 v1.0f TeX engine tests
))
(d:/texlive/2023/texmf-dist/tex/latex/base/inputenc.sty
Package: inputenc 2021/02/14 v1.3d Input encoding file
\inpenc@prehook=\toks19
\inpenc@posthook=\toks20
)
(d:/texlive/2023/texmf-dist/tex/latex/cjk/texinput/CJK.sty
Package: CJK 2021/10/16 4.8.5

(d:/texlive/2023/texmf-dist/tex/latex/cjk/texinput/mule/MULEenc.sty
Package: MULEenc 2021/10/16 4.8.5
)
(d:/texlive/2023/texmf-dist/tex/latex/cjk/texinput/CJK.enc
File: CJK.enc 2021/10/16 4.8.5
Now handling font encoding C00 ...
... no UTF-8 mapping file for font encoding C00
Now handling font encoding C05 ...
... no UTF-8 mapping file for font encoding C05
Now handling font encoding C09 ...
... no UTF-8 mapping file for font encoding C09
Now handling font encoding C10 ...
... no UTF-8 mapping file for font encoding C10
Now handling font encoding C20 ...
... no UTF-8 mapping file for font encoding C20
Now handling font encoding C19 ...
... no UTF-8 mapping file for font encoding C19
Now handling font encoding C40 ...
... no UTF-8 mapping file for font encoding C40
Now handling font encoding C42 ...
... no UTF-8 mapping file for font encoding C42
Now handling font encoding C43 ...
... no UTF-8 mapping file for font encoding C43
Now handling font encoding C50 ...
... no UTF-8 mapping file for font encoding C50
Now handling font encoding C52 ...
... no UTF-8 mapping file for font encoding C52
Now handling font encoding C49 ...
... no UTF-8 mapping file for font encoding C49
Now handling font encoding C60 ...
... no UTF-8 mapping file for font encoding C60
Now handling font encoding C61 ...
... no UTF-8 mapping file for font encoding C61
Now handling font encoding C63 ...
... no UTF-8 mapping file for font encoding C63
Now handling font encoding C64 ...
... no UTF-8 mapping file for font encoding C64
Now handling font encoding C65 ...
... no UTF-8 mapping file for font encoding C65
Now handling font encoding C70 ...
... no UTF-8 mapping file for font encoding C70
Now handling font encoding C31 ...
... no UTF-8 mapping file for font encoding C31
Now handling font encoding C32 ...
... no UTF-8 mapping file for font encoding C32
Now handling font encoding C33 ...
... no UTF-8 mapping file for font encoding C33
Now handling font encoding C34 ...
... no UTF-8 mapping file for font encoding C34
Now handling font encoding C35 ...
... no UTF-8 mapping file for font encoding C35
Now handling font encoding C36 ...
... no UTF-8 mapping file for font encoding C36
Now handling font encoding C37 ...
... no UTF-8 mapping file for font encoding C37
Now handling font encoding C80 ...
... no UTF-8 mapping file for font encoding C80
Now handling font encoding C81 ...
... no UTF-8 mapping file for font encoding C81
Now handling font encoding C01 ...
... no UTF-8 mapping file for font encoding C01
Now handling font encoding C11 ...
... no UTF-8 mapping file for font encoding C11
Now handling font encoding C21 ...
... no UTF-8 mapping file for font encoding C21
Now handling font encoding C41 ...
... no UTF-8 mapping file for font encoding C41
Now handling font encoding C62 ...
... no UTF-8 mapping file for font encoding C62
)
\CJK@indent=\box53
)
(d:/texlive/2023/texmf-dist/tex/latex/base/fontenc.sty
Package: fontenc 2021/04/29 v2.0v Standard LaTeX package
))
(d:/texlive/2023/texmf-dist/tex/latex/cjkpunct/CJKpunct.sty
Package: CJKpunct 2016/05/14 4.8.4
\CJKpunct@cnta=\count197
\CJKpunct@cntb=\count198
\CJKpunct@cntc=\count199
\CJKpunct@cntd=\count266
\CJKpunct@cnte=\count267
   defining Unicode char U+2018 (decimal 8216)
   defining Unicode char U+2019 (decimal 8217)
   defining Unicode char U+201C (decimal 8220)
   defining Unicode char U+201D (decimal 8221)
   defining Unicode char U+2014 (decimal 8212)
   defining Unicode char U+2026 (decimal 8230)

(d:/texlive/2023/texmf-dist/tex/latex/cjkpunct/CJKpunct.spa))
(d:/texlive/2023/texmf-dist/tex/latex/cjk/texinput/CJKspace.sty
Package: CJKspace 2021/10/16 3.8.0
)
(d:/texlive/2023/texmf-dist/tex/latex/cjk/texinput/UTF8/UTF8.bdg
File: UTF8.bdg 2021/10/16 4.8.5
)
(d:/texlive/2023/texmf-dist/tex/latex/ctex/ctexspa.def
File: ctexspa.def 2022/07/14 v2.5.10 Space info for CJKpunct (CTEX)
)
\ccwd=\dimen142
\l__ctex_ccglue_skip=\skip59
)
\l__ctex_ziju_dim=\dimen143

(d:/texlive/2023/texmf-dist/tex/latex/zhnumber/zhnumber.sty
Package: zhnumber 2022/07/14 v3.0 Typesetting numbers with Chinese glyphs
\l__zhnum_scale_int=\count268
\l__zhnum_tmp_int=\count269

(d:/texlive/2023/texmf-dist/tex/latex/zhnumber/zhnumber-utf8.cfg
File: zhnumber-utf8.cfg 2022/07/14 v3.0 Chinese numerals with UTF8 encoding
))
(d:/texlive/2023/texmf-dist/tex/latex/ctex/scheme/ctex-scheme-chinese.def
File: ctex-scheme-chinese.def 2022/07/14 v2.5.10 Chinese scheme for generic (CT
EX)

(d:/texlive/2023/texmf-dist/tex/latex/ctex/config/ctex-name-utf8.cfg
File: ctex-name-utf8.cfg 2022/07/14 v2.5.10 Caption with encoding UTF-8 (CTEX)
))
(d:/texlive/2023/texmf-dist/tex/latex/tools/indentfirst.sty
Package: indentfirst 1995/11/23 v1.03 Indent first paragraph (DPC)
)
(d:/texlive/2023/texmf-dist/tex/latex/ctex/ctex-c5size.clo
File: ctex-c5size.clo 2022/07/14 v2.5.10 c5size option (CTEX)
)
(d:/texlive/2023/texmf-dist/tex/latex/ctex/fontset/ctex-fontset-windows.def
File: ctex-fontset-windows.def 2022/07/14 v2.5.10 Windows fonts definition (CTE
X)
))
(d:/texlive/2023/texmf-dist/tex/latex/ctex/config/ctex.cfg
File: ctex.cfg 2022/07/14 v2.5.10 Configuration file (CTEX)
)
(d:/texlive/2023/texmf-dist/tex/latex/jknapltx/mathrsfs.sty
Package: mathrsfs 1996/01/01 Math RSFS package v1.0 (jk)
\symrsfs=\mathgroup6
)
(d:/texlive/2023/texmf-dist/tex/latex/base/latexsym.sty
Package: latexsym 1998/08/17 v2.2e Standard LaTeX package (lasy symbols)
\symlasy=\mathgroup7
LaTeX Font Info:    Overwriting symbol font `lasy' in version `bold'
(Font)                  U/lasy/m/n --> U/lasy/b/n on input line 52.
)
(d:/texlive/2023/texmf-dist/tex/latex/amsmath/amsmath.sty
Package: amsmath 2022/04/08 v2.17n AMS math features
\@mathmargin=\skip60

For additional information on amsmath, use the `?' option.
(d:/texlive/2023/texmf-dist/tex/latex/amsmath/amstext.sty
Package: amstext 2021/08/26 v2.01 AMS text

(d:/texlive/2023/texmf-dist/tex/latex/amsmath/amsgen.sty
File: amsgen.sty 1999/11/30 v2.0 generic functions
\@emptytoks=\toks21
\ex@=\dimen144
))
(d:/texlive/2023/texmf-dist/tex/latex/amsmath/amsbsy.sty
Package: amsbsy 1999/11/29 v1.2d Bold Symbols
\pmbraise@=\dimen145
)
(d:/texlive/2023/texmf-dist/tex/latex/amsmath/amsopn.sty
Package: amsopn 2022/04/08 v2.04 operator names
)
\inf@bad=\count270
LaTeX Info: Redefining \frac on input line 234.
\uproot@=\count271
\leftroot@=\count272
LaTeX Info: Redefining \overline on input line 399.
LaTeX Info: Redefining \colon on input line 410.
\classnum@=\count273
\DOTSCASE@=\count274
LaTeX Info: Redefining \ldots on input line 496.
LaTeX Info: Redefining \dots on input line 499.
LaTeX Info: Redefining \cdots on input line 620.
\Mathstrutbox@=\box54
\strutbox@=\box55
LaTeX Info: Redefining \big on input line 722.
LaTeX Info: Redefining \Big on input line 723.
LaTeX Info: Redefining \bigg on input line 724.
LaTeX Info: Redefining \Bigg on input line 725.
\big@size=\dimen146
LaTeX Font Info:    Redeclaring font encoding OML on input line 743.
LaTeX Font Info:    Redeclaring font encoding OMS on input line 744.
\macc@depth=\count275
LaTeX Info: Redefining \bmod on input line 905.
LaTeX Info: Redefining \pmod on input line 910.
LaTeX Info: Redefining \smash on input line 940.
LaTeX Info: Redefining \relbar on input line 970.
LaTeX Info: Redefining \Relbar on input line 971.
\c@MaxMatrixCols=\count276
\dotsspace@=\muskip16
\c@parentequation=\count277
\dspbrk@lvl=\count278
\tag@help=\toks22
\row@=\count279
\column@=\count280
\maxfields@=\count281
\andhelp@=\toks23
\eqnshift@=\dimen147
\alignsep@=\dimen148
\tagshift@=\dimen149
\tagwidth@=\dimen150
\totwidth@=\dimen151
\lineht@=\dimen152
\@envbody=\toks24
\multlinegap=\skip61
\multlinetaggap=\skip62
\mathdisplay@stack=\toks25
LaTeX Info: Redefining \[ on input line 2953.
LaTeX Info: Redefining \] on input line 2954.
)
(d:/texlive/2023/texmf-dist/tex/latex/graphics/epsfig.sty
Package: epsfig 2017/06/25 v1.7b (e)psfig emulation (SPQR)

(d:/texlive/2023/texmf-dist/tex/latex/graphics/graphicx.sty
Package: graphicx 2021/09/16 v1.2d Enhanced LaTeX Graphics (DPC,SPQR)

(d:/texlive/2023/texmf-dist/tex/latex/graphics/keyval.sty
Package: keyval 2022/05/29 v1.15 key=value parser (DPC)
\KV@toks@=\toks26
)
(d:/texlive/2023/texmf-dist/tex/latex/graphics/graphics.sty
Package: graphics 2022/03/10 v1.4e Standard LaTeX Graphics (DPC,SPQR)

(d:/texlive/2023/texmf-dist/tex/latex/graphics/trig.sty
Package: trig 2021/08/11 v1.11 sin cos tan (DPC)
)
(d:/texlive/2023/texmf-dist/tex/latex/graphics-cfg/graphics.cfg
File: graphics.cfg 2016/06/04 v1.11 sample graphics configuration
)
Package graphics Info: Driver file: pdftex.def on input line 107.

(d:/texlive/2023/texmf-dist/tex/latex/graphics-def/pdftex.def
File: pdftex.def 2022/09/22 v1.2b Graphics/color driver for pdftex
))
\Gin@req@height=\dimen153
\Gin@req@width=\dimen154
)
\epsfxsize=\dimen155
\epsfysize=\dimen156
)
(d:/texlive/2023/texmf-dist/tex/latex/cite/cite.sty
LaTeX Info: Redefining \cite on input line 302.
LaTeX Info: Redefining \nocite on input line 332.
Package: cite 2015/02/27  v 5.5
)
(d:/texlive/2023/texmf-dist/tex/latex/psfrag/psfrag.sty
Package: psfrag 1998/04/11 v3.04 PSfrag (MCG)
\pfg@pcount=\count282
\pfg@scount=\count283
\pfg@temp=\write3
)
(d:/texlive/2023/texmf-dist/tex/latex/eepic/eepic.sty
Extension to Epic and LaTeX. Version 1.1e - Released Dec 21, 1999
\@gphlinewidth=\count284
\@eepictcnt=\count285
\@tempdimc=\dimen157
\maxovaldiam=\dimen158
\@filltype=\box56
) (d:/texlive/2023/texmf-dist/tex/latex/graphics/color.sty
Package: color 2022/01/06 v1.3d Standard LaTeX Color (DPC)

(d:/texlive/2023/texmf-dist/tex/latex/graphics-cfg/color.cfg
File: color.cfg 2016/01/02 v1.6 sample color configuration
)
Package color Info: Driver file: pdftex.def on input line 149.

(d:/texlive/2023/texmf-dist/tex/latex/graphics/mathcolor.ltx))
(d:/texlive/2023/texmf-dist/tex/generic/dvips/colordvi.sty)
(d:/texlive/2023/texmf-dist/tex/latex/amsmath/amscd.sty
Package: amscd 2017/04/14 v2.1 AMS Commutative Diagrams
\athelp@=\toks27
\minaw@=\dimen159
\bigaw@=\dimen160
\minCDarrowwidth=\dimen161
)
(d:/texlive/2023/texmf-dist/tex/latex/tools/enumerate.sty
Package: enumerate 2015/07/23 v3.00 enumerate extensions (DPC)
\@enLab=\toks28
)
(d:/texlive/2023/texmf-dist/tex/latex/enumitem/enumitem.sty
Package: enumitem 2019/06/20 v3.9 Customized lists
\labelindent=\skip63
\enit@outerparindent=\dimen162
\enit@toks=\toks29
\enit@inbox=\box57
\enit@count@id=\count286
\enitdp@description=\count287
)
(d:/texlive/2023/texmf-dist/tex/latex/booktabs/booktabs.sty
Package: booktabs 2020/01/12 v1.61803398 Publication quality tables
\heavyrulewidth=\dimen163
\lightrulewidth=\dimen164
\cmidrulewidth=\dimen165
\belowrulesep=\dimen166
\belowbottomsep=\dimen167
\aboverulesep=\dimen168
\abovetopsep=\dimen169
\cmidrulesep=\dimen170
\cmidrulekern=\dimen171
\defaultaddspace=\dimen172
\@cmidla=\count288
\@cmidlb=\count289
\@aboverulesep=\dimen173
\@belowrulesep=\dimen174
\@thisruleclass=\count290
\@lastruleclass=\count291
\@thisrulewidth=\dimen175
)
(d:/texlive/2023/texmf-dist/tex/latex/float/float.sty
Package: float 2001/11/08 v1.3d Float enhancements (AL)
\c@float@type=\count292
\float@exts=\toks30
\float@box=\box58
\@float@everytoks=\toks31
\@floatcapt=\box59
)
(d:/texlive/2023/texmf-dist/tex/latex/wrapfig/wrapfig.sty
\wrapoverhang=\dimen176
\WF@size=\dimen177
\c@WF@wrappedlines=\count293
\WF@box=\box60
\WF@everypar=\toks32
Package: wrapfig 2003/01/31  v 3.6
)
(d:/texlive/2023/texmf-dist/tex/latex/multirow/multirow.sty
Package: multirow 2021/03/15 v2.8 Span multiple rows of a table
\multirow@colwidth=\skip64
\multirow@cntb=\count294
\multirow@dima=\skip65
\bigstrutjot=\dimen178
)
(d:/texlive/2023/texmf-dist/tex/latex/subfigure/subfigure.sty
Package: subfigure 2002/03/15 v2.1.5 subfigure package
\subfigtopskip=\skip66
\subfigcapskip=\skip67
\subfigcaptopadj=\dimen179
\subfigbottomskip=\skip68
\subfigcapmargin=\dimen180
\subfiglabelskip=\skip69
\c@subfigure=\count295
\c@lofdepth=\count296
\c@subtable=\count297
\c@lotdepth=\count298

****************************************
* Local config file subfigure.cfg used *
****************************************
(d:/texlive/2023/texmf-dist/tex/latex/subfigure/subfigure.cfg)
\subfig@top=\skip70
\subfig@bottom=\skip71
)
(d:/texlive/2023/texmf-dist/tex/latex/diagbox/diagbox.sty
Package: diagbox 2020/02/09 v2.3 Making table heads with diagonal lines

(d:/texlive/2023/texmf-dist/tex/latex/pict2e/pict2e.sty
Package: pict2e 2020/09/30 v0.4b Improved picture commands (HjG,RN,JT)

(d:/texlive/2023/texmf-dist/tex/latex/pict2e/pict2e.cfg
File: pict2e.cfg 2016/02/05 v0.1u pict2e configuration for teTeX/TeXLive
)
Package pict2e Info: Driver file: pdftex.def on input line 112.
Package pict2e Info: Driver file for pict2e: p2e-pdftex.def on input line 114.

(d:/texlive/2023/texmf-dist/tex/latex/pict2e/p2e-pdftex.def
File: p2e-pdftex.def 2016/02/05 v0.1u Driver-dependant file (RN,HjG,JT)
)
\pIIe@GRAPH=\toks33
\@arclen=\dimen181
\@arcrad=\dimen182
\pIIe@tempdima=\dimen183
\pIIe@tempdimb=\dimen184
\pIIe@tempdimc=\dimen185
\pIIe@tempdimd=\dimen186
\pIIe@tempdime=\dimen187
\pIIe@tempdimf=\dimen188


Package pict2e Warning: \arc redefined on input line 682.

) (d:/texlive/2023/texmf-dist/tex/latex/tools/calc.sty
Package: calc 2017/05/25 v4.3 Infix arithmetic (KKT,FJ)
\calc@Acount=\count299
\calc@Bcount=\count300
\calc@Adimen=\dimen189
\calc@Bdimen=\dimen190
\calc@Askip=\skip72
\calc@Bskip=\skip73
LaTeX Info: Redefining \setlength on input line 80.
LaTeX Info: Redefining \addtolength on input line 81.
\calc@Ccount=\count301
\calc@Cskip=\skip74
)
(d:/texlive/2023/texmf-dist/tex/latex/tools/array.sty
Package: array 2022/09/04 v2.5g Tabular extension package (FMi)
\col@sep=\dimen191
\ar@mcellbox=\box61
\extrarowheight=\dimen192
\NC@list=\toks34
\extratabsurround=\skip75
\backup@length=\skip76
\ar@cellbox=\box62
)
\diagbox@boxa=\box63
\diagbox@boxb=\box64
\diagbox@boxm=\box65
\diagbox@wd=\dimen193
\diagbox@ht=\dimen194
\diagbox@insepl=\dimen195
\diagbox@insepr=\dimen196
\diagbox@outsepl=\dimen197
\diagbox@outsepr=\dimen198
)
(d:/texlive/2023/texmf-dist/tex/latex/wasysym/wasysym.sty
Package: wasysym 2020/01/19 v2.4 Wasy-2 symbol support package
\symwasy=\mathgroup8
LaTeX Font Info:    Overwriting symbol font `wasy' in version `bold'
(Font)                  U/wasy/m/n --> U/wasy/b/n on input line 93.
)
(d:/texlive/2023/texmf-dist/tex/latex/cjk/texinput/UTF8/UTF8.enc
File: UTF8.enc 2021/10/16 4.8.5
)
(d:/texlive/2023/texmf-dist/tex/latex/cjk/texinput/UTF8/UTF8.chr
File: UTF8.chr 2021/10/16 4.8.5
) (./report.aux)
\openout1 = `report.aux'.

LaTeX Font Info:    Checking defaults for OML/cmm/m/it on input line 27.
LaTeX Font Info:    ... okay on input line 27.
LaTeX Font Info:    Checking defaults for OMS/cmsy/m/n on input line 27.
LaTeX Font Info:    ... okay on input line 27.
LaTeX Font Info:    Checking defaults for OT1/cmr/m/n on input line 27.
LaTeX Font Info:    ... okay on input line 27.
LaTeX Font Info:    Checking defaults for T1/cmr/m/n on input line 27.
LaTeX Font Info:    ... okay on input line 27.
LaTeX Font Info:    Checking defaults for TS1/cmr/m/n on input line 27.
LaTeX Font Info:    ... okay on input line 27.
LaTeX Font Info:    Checking defaults for OMX/cmex/m/n on input line 27.
LaTeX Font Info:    ... okay on input line 27.
LaTeX Font Info:    Checking defaults for U/cmr/m/n on input line 27.
LaTeX Font Info:    ... okay on input line 27.
LaTeX Font Info:    Checking defaults for C00/song/m/n on input line 27.
LaTeX Font Info:    ... okay on input line 27.
LaTeX Font Info:    Checking defaults for C05/song/m/n on input line 27.
LaTeX Font Info:    ... okay on input line 27.
LaTeX Font Info:    Checking defaults for C09/song/m/n on input line 27.
LaTeX Font Info:    ... okay on input line 27.
LaTeX Font Info:    Checking defaults for C10/song/m/n on input line 27.
LaTeX Font Info:    ... okay on input line 27.
LaTeX Font Info:    Checking defaults for C20/song/m/n on input line 27.
LaTeX Font Info:    ... okay on input line 27.
LaTeX Font Info:    Checking defaults for C19/song/m/n on input line 27.
LaTeX Font Info:    ... okay on input line 27.
LaTeX Font Info:    Checking defaults for C40/song/m/n on input line 27.
LaTeX Font Info:    ... okay on input line 27.
LaTeX Font Info:    Checking defaults for C42/song/m/n on input line 27.
LaTeX Font Info:    ... okay on input line 27.
LaTeX Font Info:    Checking defaults for C43/song/m/n on input line 27.
LaTeX Font Info:    ... okay on input line 27.
LaTeX Font Info:    Checking defaults for C50/song/m/n on input line 27.
LaTeX Font Info:    ... okay on input line 27.
LaTeX Font Info:    Checking defaults for C52/song/m/n on input line 27.
LaTeX Font Info:    ... okay on input line 27.
LaTeX Font Info:    Checking defaults for C49/song/m/n on input line 27.
LaTeX Font Info:    ... okay on input line 27.
LaTeX Font Info:    Checking defaults for C60/mj/m/n on input line 27.
LaTeX Font Info:    ... okay on input line 27.
LaTeX Font Info:    Checking defaults for C61/mj/m/n on input line 27.
LaTeX Font Info:    ... okay on input line 27.
LaTeX Font Info:    Checking defaults for C63/mj/m/n on input line 27.
LaTeX Font Info:    ... okay on input line 27.
LaTeX Font Info:    Checking defaults for C64/mj/m/n on input line 27.
LaTeX Font Info:    ... okay on input line 27.
LaTeX Font Info:    Checking defaults for C65/mj/m/n on input line 27.
LaTeX Font Info:    ... okay on input line 27.
LaTeX Font Info:    Checking defaults for C70/song/m/n on input line 27.
LaTeX Font Info:    ... okay on input line 27.
LaTeX Font Info:    Checking defaults for C31/song/m/n on input line 27.
LaTeX Font Info:    ... okay on input line 27.
LaTeX Font Info:    Checking defaults for C32/song/m/n on input line 27.
LaTeX Font Info:    ... okay on input line 27.
LaTeX Font Info:    Checking defaults for C33/song/m/n on input line 27.
LaTeX Font Info:    ... okay on input line 27.
LaTeX Font Info:    Checking defaults for C34/song/m/n on input line 27.
LaTeX Font Info:    ... okay on input line 27.
LaTeX Font Info:    Checking defaults for C35/song/m/n on input line 27.
LaTeX Font Info:    ... okay on input line 27.
LaTeX Font Info:    Checking defaults for C36/song/m/n on input line 27.
LaTeX Font Info:    ... okay on input line 27.
LaTeX Font Info:    Checking defaults for C37/song/m/n on input line 27.
LaTeX Font Info:    ... okay on input line 27.
LaTeX Font Info:    Checking defaults for C80/song/m/n on input line 27.
LaTeX Font Info:    ... okay on input line 27.
LaTeX Font Info:    Checking defaults for C81/song/m/n on input line 27.
LaTeX Font Info:    ... okay on input line 27.
LaTeX Font Info:    Checking defaults for C01/song/m/n on input line 27.
LaTeX Font Info:    ... okay on input line 27.
LaTeX Font Info:    Checking defaults for C11/song/m/n on input line 27.
LaTeX Font Info:    ... okay on input line 27.
LaTeX Font Info:    Checking defaults for C21/song/m/n on input line 27.
LaTeX Font Info:    ... okay on input line 27.
LaTeX Font Info:    Checking defaults for C41/song/m/n on input line 27.
LaTeX Font Info:    ... okay on input line 27.
LaTeX Font Info:    Checking defaults for C62/song/m/n on input line 27.
LaTeX Font Info:    ... okay on input line 27.
 (d:/texlive/2023/texmf-dist/tex/context/base/mkii/supp-pdf.mkii
[Loading MPS to PDF converter (version 2006.09.02).]
\scratchcounter=\count302
\scratchdimen=\dimen199
\scratchbox=\box66
\nofMPsegments=\count303
\nofMParguments=\count304
\everyMPshowfont=\toks35
\MPscratchCnt=\count305
\MPscratchDim=\dimen256
\MPnumerator=\count306
\makeMPintoPDFobject=\count307
\everyMPtoPDFconversion=\toks36
) (d:/texlive/2023/texmf-dist/tex/latex/epstopdf-pkg/epstopdf-base.sty
Package: epstopdf-base 2020-01-24 v2.11 Base part for package epstopdf
Package epstopdf-base Info: Redefining graphics rule for `.eps' on input line 4
85.

(d:/texlive/2023/texmf-dist/tex/latex/latexconfig/epstopdf-sys.cfg
File: epstopdf-sys.cfg 2010/07/13 v1.3 Configuration of (r)epstopdf for TeX Liv
e
))
LaTeX Font Info:    Trying to load font information for U+msa on input line 28.


(d:/texlive/2023/texmf-dist/tex/latex/amsfonts/umsa.fd
File: umsa.fd 2013/01/14 v3.01 AMS symbols A
)
LaTeX Font Info:    Trying to load font information for U+msb on input line 28.


(d:/texlive/2023/texmf-dist/tex/latex/amsfonts/umsb.fd
File: umsb.fd 2013/01/14 v3.01 AMS symbols B
)
LaTeX Font Info:    Trying to load font information for U+rsfs on input line 28
.

(d:/texlive/2023/texmf-dist/tex/latex/jknapltx/ursfs.fd
File: ursfs.fd 1998/03/24 rsfs font definition file (jk)
)
LaTeX Font Info:    Trying to load font information for U+wasy on input line 28
.

(d:/texlive/2023/texmf-dist/tex/latex/wasysym/uwasy.fd
File: uwasy.fd 2020/01/19 v2.4 Wasy-2 symbol font definitions
)
LaTeX Font Info:    Trying to load font information for C70+rm on input line 28
.

(d:/texlive/2023/texmf-dist/tex/latex/ctex/fd/c70rm.fd
File: c70rm.fd 2022/07/14 v2.5.10 Chinese font definition (CTEX)
) (./report.toc

LaTeX Font Warning: Font shape `U/rsfs/m/n' in size <10.53937> not available
(Font)              size <10.95> substituted on input line 2.


LaTeX Font Warning: Font shape `U/wasy/m/n' in size <10.53937> not available
(Font)              size <10.95> substituted on input line 2.

)
\tf@toc=\write4
\openout4 = `report.toc'.

Package CJKpunct Info: use punctuation spaces for family 'rm' with punctstyle (
quanjiao) on input line 36.

Overfull \hbox (10.95558pt too wide) in paragraph at lines 55--56
[]\C70/rm/m/n/10.53937/6a ! \C70/rm/m/n/10.53937/4e ˇ \OT1/cmr/m/n/10.53937 Par
a-ma-ter-ize.h \C70/rm/m/n/10.53937/54 å \OT1/cmr/m/n/10.53937 Para-ma-ter-ize.
cpp \C70/rm/m/n/10.53937/65 ∞ \C70/rm/m/n/10.53937/5e ˙ \C70/rm/m/n/10.53937/65
 á \C70/rm/m/n/10.53937/4e ˆ \OT1/cmr/m/n/10.53937 ASAP.h|\C70/rm/m/n/10.53937/
ff ^^L| \OT1/cmr/m/n/10.53937 ASAP.cpp|\C70/rm/m/n/10.53937/ff ^^L| \OT1/cmr/m/
n/10.53937 ARAP.h|\C70/rm/m/n/10.53937/ff ^^L| \OT1/cmr/m/n/10.53937 ARAP.cpp
 []


Overfull \hbox (13.29646pt too wide) in paragraph at lines 73--74
[]\C70/rm/m/n/10.53937/5b ˘ \C70/rm/m/n/10.53937/4e é\OT1/cmr/m/n/10.53937 3D\C
70/rm/m/n/10.53937/7f Q \C70/rm/m/n/10.53937/68 < \C70/rm/m/n/10.53937/4e - \C7
0/rm/m/n/10.53937/76 Ñ \C70/rm/m/n/10.53937/6b œ \C70/rm/m/n/10.53937/4e * 	 \C
70/rm/m/n/10.53937/89 “ \C70/rm/m/n/10.53937/5f b$\OML/cmm/m/it/10.53937 x[] \O
T1/cmr/m/n/10.53937 = \OMS/cmsy/m/n/10.53937 f\OML/cmm/m/it/10.53937 x[]; x[]; 
x[]\OMS/cmsy/m/n/10.53937 g$|\C70/rm/m/n/10.53937/ff ^^L| \C70/rm/m/n/10.53937/
8b ∞ \C70/rm/m/n/10.53937/53 ¬ \C70/rm/m/n/10.53937/65 p \C70/rm/m/n/10.53937/5
3 ^^V \C70/rm/m/n/10.53937/54 ^^N \C70/rm/m/n/10.53937/76 Ñ \C70/rm/m/n/10.5393
7/4e 	 \C70/rm/m/n/10.53937/89 “ \C70/rm/m/n/10.53937/5f b \C70/rm/m/n/10.53937
/98 v \C70/rm/m/n/10.53937/70 π \C70/rm/m/n/10.53937/57 P \C70/rm/m/n/10.53937/
68 ^^G \C70/rm/m/n/10.53937/4e :$\OML/cmm/m/it/10.53937 u[] \OT1/cmr/m/n/10.539
37 = \OMS/cmsy/m/n/10.53937 f\OML/cmm/m/it/10.53937 u[]; u[]; u[]\OMS/cmsy/m/n/
10.53937 g$|\C70/rm/m/n/10.53937/30 ^^B|
 []

(d:/texlive/2023/texmf-dist/tex/generic/ctex/zhmap/ctex-zhmap-windows.tex
File: ctex-zhmap-windows.tex 2022/07/14 v2.5.10 Windows font map loader for pdf
TeX and DVIPDFMx (CTEX)
{d:/texlive/2023/texmf-var/fonts/map/pdftex/updmap/pdftex.map}{UGBK.sfd}{Unicod
e.sfd}) [1
Non-PDF special ignored!
<special> header=psfrag.pro

{d:/texlive/2023/texmf-dist/fonts/enc/dvips/cm-super/cm-super-ts1.enc}]
Overfull \hbox (4.85942pt too wide) in paragraph at lines 77--78
\C70/rm/m/n/10.53937/67 ^^@ \C70/rm/m/n/10.53937/7e » \C70/rm/m/n/10.53937/97 ^
^@ \C70/rm/m/n/10.53937/89 Å \C70/rm/m/n/10.53937/76 Ñ \C70/rm/m/n/10.53937/53 
Í \C70/rm/m/n/10.53937/66 /$\OML/cmm/m/it/10.53937 u$|\C70/rm/m/n/10.53937/ff ^
^L| \C70/rm/m/n/10.53937/57 ( \C70/rm/m/n/10.53937/6c B \C70/rm/m/n/10.53937/89
 „ \C70/rm/m/n/10.53937/65 ˆ|\C70/rm/m/n/10.53937/ff ^^L| \C70/rm/m/n/10.53937/
90 ^^Z \C70/rm/m/n/10.53937/8f « \C70/rm/m/n/10.53937/90 	 \C70/rm/m/n/10.53937
/62 È \C70/rm/m/n/10.53937/4e ^^M \C70/rm/m/n/10.53937/54 ^^L \C70/rm/m/n/10.53
937/76 Ñ$\OML/cmm/m/it/10.53937 L$\C70/rm/m/n/10.53937/53 Ô \C70/rm/m/n/10.5393
7/6c B \C70/rm/m/n/10.53937/5f ó \C70/rm/m/n/10.53937/4e ^^M \C70/rm/m/n/10.539
37/54 ^^L \C70/rm/m/n/10.53937/76 Ñ \C70/rm/m/n/10.53937/7e ” \C70/rm/m/n/10.53
937/67 ú|\C70/rm/m/n/10.53937/30 ^^B| \C70/rm/m/n/10.53937/4e _ \C70/rm/m/n/10.
53937/5c 1 \C70/rm/m/n/10.53937/66 / \C70/rm/m/n/10.53937/4e  \C70/rm/m/n/10.5
3937/97 b \C70/rm/m/n/10.53937/76 Ñ\OT1/cmr/m/n/10.53937 ASAP\C70/rm/m/n/10.539
37/54 å\OT1/cmr/m/n/10.53937 ARAP|\C70/rm/m/n/10.53937/30 ^^B|
 []


Underfull \hbox (badness 10000) in paragraph at lines 77--78

 []

[2]
<Beetle Uni.png, id=154, 312.41719pt x 153.57375pt>
File: Beetle Uni.png Graphic file (type png)
<use Beetle Uni.png>
Package pdftex.def Info: Beetle Uni.png  used on input line 174.
(pdftex.def)             Requested size: 85.35484pt x 71.13219pt.
<Beetle Cot.png, id=155, 339.51843pt x 182.93344pt>
File: Beetle Cot.png Graphic file (type png)
<use Beetle Cot.png>
Package pdftex.def Info: Beetle Cot.png  used on input line 174.
(pdftex.def)             Requested size: 85.356pt x 71.1316pt.
<Beetle ASAP.png, id=156, 304.88907pt x 167.12437pt>
File: Beetle ASAP.png Graphic file (type png)
<use Beetle ASAP.png>
Package pdftex.def Info: Beetle ASAP.png  used on input line 174.
(pdftex.def)             Requested size: 85.35904pt x 71.13274pt.
<Beetle ARAP 10.png, id=157, 297.36093pt x 164.11313pt>
File: Beetle ARAP 10.png Graphic file (type png)
<use Beetle ARAP 10.png>
Package pdftex.def Info: Beetle ARAP 10.png  used on input line 174.
(pdftex.def)             Requested size: 85.35675pt x 71.1332pt.
<Gar Uni.png, id=158, 341.77687pt x 450.9347pt>
File: Gar Uni.png Graphic file (type png)
<use Gar Uni.png>
Package pdftex.def Info: Gar Uni.png  used on input line 178.
(pdftex.def)             Requested size: 85.35535pt x 71.1258pt.
<Gar Cot.png, id=159, 333.49594pt x 425.33907pt>
File: Gar Cot.png Graphic file (type png)
<use Gar Cot.png>
Package pdftex.def Info: Gar Cot.png  used on input line 178.
(pdftex.def)             Requested size: 85.35838pt x 71.13196pt.
<Gar ASAP.png, id=160, 333.49594pt x 409.53pt>
File: Gar ASAP.png Graphic file (type png)
<use Gar ASAP.png>
Package pdftex.def Info: Gar ASAP.png  used on input line 178.
(pdftex.def)             Requested size: 85.35838pt x 71.13141pt.
<Gar ARAR 10.png, id=161, 327.47343pt x 430.60875pt>
File: Gar ARAR 10.png Graphic file (type png)
<use Gar ARAR 10.png>
Package pdftex.def Info: Gar ARAR 10.png  used on input line 178.
(pdftex.def)             Requested size: 85.35594pt x 71.13278pt.
<Isis Uni.png, id=162, 210.7875pt x 475.02469pt>
File: Isis Uni.png Graphic file (type png)
<use Isis Uni.png>
Package pdftex.def Info: Isis Uni.png  used on input line 184.
(pdftex.def)             Requested size: 85.35881pt x 99.58417pt.
<Isis Cot.png, id=163, 256.70906pt x 609.02531pt>
File: Isis Cot.png Graphic file (type png)
<use Isis Cot.png>
Package pdftex.def Info: Isis Cot.png  used on input line 184.
(pdftex.def)             Requested size: 85.35664pt x 99.58342pt.
<Isis ASAP.png, id=164, 236.38312pt x 574.39594pt>
File: Isis ASAP.png Graphic file (type png)
<use Isis ASAP.png>
Package pdftex.def Info: Isis ASAP.png  used on input line 184.
(pdftex.def)             Requested size: 85.35754pt x 99.58298pt.
<Isis ARAP.png, id=165, 210.03468pt x 557.08125pt>
File: Isis ARAP.png Graphic file (type png)
<use Isis ARAP.png>
Package pdftex.def Info: Isis ARAP.png  used on input line 184.
(pdftex.def)             Requested size: 85.35841pt x 99.58176pt.
<Cow Uni.png, id=166, 280.04625pt x 173.14688pt>
File: Cow Uni.png Graphic file (type png)
<use Cow Uni.png>
Package pdftex.def Info: Cow Uni.png  used on input line 188.
(pdftex.def)             Requested size: 85.35628pt x 71.13335pt.
<Cow Cot.png, id=167, 301.8778pt x 173.89969pt>
File: Cow Cot.png Graphic file (type png)
<use Cow Cot.png>
Package pdftex.def Info: Cow Cot.png  used on input line 188.
(pdftex.def)             Requested size: 85.35432pt x 71.13216pt.
<Cow ASAP.png, id=168, 302.63063pt x 181.42781pt>
File: Cow ASAP.png Graphic file (type png)
<use Cow ASAP.png>
Package pdftex.def Info: Cow ASAP.png  used on input line 188.
(pdftex.def)             Requested size: 85.35939pt x 71.13306pt.
<Cow ARAP 10.png, id=169, 298.11375pt x 161.10187pt>
File: Cow ARAP 10.png Graphic file (type png)
<use Cow ARAP 10.png>
Package pdftex.def Info: Cow ARAP 10.png  used on input line 188.
(pdftex.def)             Requested size: 85.35904pt x 71.13332pt.

Overfull \hbox (27.6403pt too wide) in paragraph at lines 170--195
 [][] 
 []

<Beetle ARAP 1 wang.png, id=170, 557.08125pt x 638.385pt>
File: Beetle ARAP 1 wang.png Graphic file (type png)
<use Beetle ARAP 1 wang.png>
Package pdftex.def Info: Beetle ARAP 1 wang.png  used on input line 206.
(pdftex.def)             Requested size: 85.35216pt x 71.12846pt.
<Beetle ARAP 5 wang.png, id=171, 609.02531pt x 756.57657pt>
File: Beetle ARAP 5 wang.png Graphic file (type png)
<use Beetle ARAP 5 wang.png>
Package pdftex.def Info: Beetle ARAP 5 wang.png  used on input line 206.
(pdftex.def)             Requested size: 85.35588pt x 71.12512pt.
<Beetle ARAP 10 wang.png, id=172, 479.54156pt x 595.47469pt>
File: Beetle ARAP 10 wang.png Graphic file (type png)
<use Beetle ARAP 10 wang.png>
Package pdftex.def Info: Beetle ARAP 10 wang.png  used on input line 206.
(pdftex.def)             Requested size: 85.3552pt x 71.12677pt.
<Beetle ARAP 20 wang.png, id=173, 466.74374pt x 596.2275pt>
File: Beetle ARAP 20 wang.png Graphic file (type png)
<use Beetle ARAP 20 wang.png>
Package pdftex.def Info: Beetle ARAP 20 wang.png  used on input line 206.
(pdftex.def)             Requested size: 85.3563pt x 71.12572pt.
<Balls wang 1.png, id=174, 384.6872pt x 306.39468pt>
File: Balls wang 1.png Graphic file (type png)
<use Balls wang 1.png>
Package pdftex.def Info: Balls wang 1.png  used on input line 210.
(pdftex.def)             Requested size: 85.3593pt x 71.1285pt.
<Balls wang 2.png, id=175, 357.58594pt x 295.1025pt>
File: Balls wang 2.png Graphic file (type png)
<use Balls wang 2.png>
Package pdftex.def Info: Balls wang 2.png  used on input line 210.
(pdftex.def)             Requested size: 85.35858pt x 71.12773pt.
<Balls wang 5.png, id=176, 362.85562pt x 287.57437pt>
File: Balls wang 5.png Graphic file (type png)
<use Balls wang 5.png>
Package pdftex.def Info: Balls wang 5.png  used on input line 210.
(pdftex.def)             Requested size: 85.35413pt x 71.1299pt.
<Balls wang 10.png, id=177, 374.90062pt x 280.04625pt>
File: Balls wang 10.png Graphic file (type png)
<use Balls wang 10.png>
Package pdftex.def Info: Balls wang 10.png  used on input line 210.
(pdftex.def)             Requested size: 85.3558pt x 71.13095pt.
<Cow wang 1.png, id=178, 411.78844pt x 294.34969pt>
File: Cow wang 1.png Graphic file (type png)
<use Cow wang 1.png>
Package pdftex.def Info: Cow wang 1.png  used on input line 216.
(pdftex.def)             Requested size: 85.3534pt x 71.13043pt.
<Cow wang 2.png, id=179, 383.93437pt x 281.55188pt>
File: Cow wang 2.png Graphic file (type png)
<use Cow wang 2.png>
Package pdftex.def Info: Cow wang 2.png  used on input line 216.
(pdftex.def)             Requested size: 85.3563pt x 71.13101pt.
<Cow wang 5.png, id=180, 394.47375pt x 307.1475pt>
File: Cow wang 5.png Graphic file (type png)
<use Cow wang 5.png>
Package pdftex.def Info: Cow wang 5.png  used on input line 216.
(pdftex.def)             Requested size: 85.35794pt x 71.12985pt.
<Cow wang 10.png, id=181, 424.58624pt x 282.30469pt>
File: Cow wang 10.png Graphic file (type png)
<use Cow wang 10.png>
Package pdftex.def Info: Cow wang 10.png  used on input line 216.
(pdftex.def)             Requested size: 85.3563pt x 71.13167pt.

Overfull \hbox (27.6368pt too wide) in paragraph at lines 202--222
 [][] 
 []

[3] [4 <./Beetle Uni.png> <./Beetle Cot.png> <./Beetle ASAP.png> <./Beetle ARAP
 10.png> <./Gar Uni.png> <./Gar Cot.png> <./Gar ASAP.png> <./Gar ARAR 10.png> <
./Isis Uni.png> <./Isis Cot.png> <./Isis ASAP.png> <./Isis ARAP.png> <./Cow Uni
.png> <./Cow Cot.png> <./Cow ASAP.png> <./Cow ARAP 10.png>] [5 <./Beetle ARAP 1
 wang.png> <./Beetle ARAP 5 wang.png> <./Beetle ARAP 10 wang.png> <./Beetle ARA
P 20 wang.png> <./Balls wang 1.png> <./Balls wang 2.png> <./Balls wang 5.png> <
./Balls wang 10.png> <./Cow wang 1.png> <./Cow wang 2.png> <./Cow wang 5.png> <
./Cow wang 10.png>] (./report.aux)

LaTeX Font Warning: Size substitutions with differences
(Font)              up to 0.41063pt have occurred.

 ) 
Here is how much of TeX's memory you used:
 9551 strings out of 476025
 164897 string characters out of 5794015
 1874382 words of memory out of 5000000
 29516 multiletter control sequences out of 15000+600000
 555946 words of font info for 199 fonts, out of 8000000 for 9000
 1141 hyphenation exceptions out of 8191
 78i,16n,80p,712b,389s stack positions out of 10000i,1000n,20000p,200000b,200000s
<c:/Windows/Fonts/simhei.ttf><c:/Windows/Fonts/simhei.ttf><c:/Windows/Fonts/s
imhei.ttf><c:/Windows/Fonts/simhei.ttf><c:/Windows/Fonts/simhei.ttf><c:/Windows
/Fonts/simhei.ttf><c:/Windows/Fonts/simsun.ttc><c:/Windows/Fonts/simsun.ttc><c:
/Windows/Fonts/simsun.ttc><c:/Windows/Fonts/simsun.ttc><c:/Windows/Fonts/simsun
.ttc><c:/Windows/Fonts/simsun.ttc><c:/Windows/Fonts/simsun.ttc><c:/Windows/Font
s/simsun.ttc><c:/Windows/Fonts/simsun.ttc><c:/Windows/Fonts/simsun.ttc><c:/Wind
ows/Fonts/simsun.ttc><c:/Windows/Fonts/simsun.ttc><c:/Windows/Fonts/simsun.ttc>
<c:/Windows/Fonts/simhei.ttf><c:/Windows/Fonts/simhei.ttf><c:/Windows/Fonts/sim
hei.ttf><c:/Windows/Fonts/simsun.ttc><c:/Windows/Fonts/simsun.ttc><c:/Windows/F
onts/simsun.ttc><c:/Windows/Fonts/simsun.ttc><c:/Windows/Fonts/simsun.ttc><c:/W
indows/Fonts/simsun.ttc><c:/Windows/Fonts/simsun.ttc><c:/Windows/Fonts/simsun.t
tc><c:/Windows/Fonts/simsun.ttc><c:/Windows/Fonts/simsun.ttc><c:/Windows/Fonts/
simsun.ttc><c:/Windows/Fonts/simhei.ttf><c:/Windows/Fonts/simhei.ttf><c:/Window
s/Fonts/simhei.ttf><c:/Windows/Fonts/simsun.ttc><c:/Windows/Fonts/simsun.ttc><c
:/Windows/Fonts/simsun.ttc><c:/Windows/Fonts/simsun.ttc><c:/Windows/Fonts/simsu
n.ttc><c:/Windows/Fonts/simsun.ttc><c:/Windows/Fonts/simsun.ttc><c:/Windows/Fon
ts/simsun.ttc><c:/Windows/Fonts/simsun.ttc><c:/Windows/Fonts/simsun.ttc><c:/Win
dows/Fonts/simsun.ttc><c:/Windows/Fonts/simsun.ttc><c:/Windows/Fonts/simsun.ttc
><c:/Windows/Fonts/simsun.ttc><c:/Windows/Fonts/simsun.ttc><c:/Windows/Fonts/si
msun.ttc><c:/Windows/Fonts/simsun.ttc><c:/Windows/Fonts/simsun.ttc><c:/Windows/
Fonts/simsun.ttc><c:/Windows/Fonts/simsun.ttc><c:/Windows/Fonts/simsun.ttc><c:/
Windows/Fonts/simhei.ttf><c:/Windows/Fonts/simhei.ttf><c:/Windows/Fonts/simhei.
ttf><c:/Windows/Fonts/simhei.ttf><c:/Windows/Fonts/simhei.ttf><c:/Windows/Fonts
/simsun.ttc><c:/Windows/Fonts/simsun.ttc><c:/Windows/Fonts/simsun.ttc><c:/Windo
ws/Fonts/simhei.ttf><c:/Windows/Fonts/simhei.ttf><c:/Windows/Fonts/simhei.ttf><
c:/Windows/Fonts/simsun.ttc><c:/Windows/Fonts/simsun.ttc><c:/Windows/Fonts/sims
un.ttc><c:/Windows/Fonts/simsun.ttc><c:/Windows/Fonts/simsun.ttc><c:/Windows/Fo
nts/simsun.ttc><c:/Windows/Fonts/simhei.ttf><c:/Windows/Fonts/simhei.ttf><c:/Wi
ndows/Fonts/simhei.ttf><c:/Windows/Fonts/simhei.ttf><c:/Windows/Fonts/simhei.tt
f><c:/Windows/Fonts/simhei.ttf><c:/Windows/Fonts/simsun.ttc><c:/Windows/Fonts/s
imsun.ttc><c:/Windows/Fonts/simsun.ttc><c:/Windows/Fonts/simsun.ttc><c:/Windows
/Fonts/simsun.ttc><c:/Windows/Fonts/simsun.ttc><d:/texlive/2023/texmf-dist/font
s/type1/public/amsfonts/cm/cmbx10.pfb><d:/texlive/2023/texmf-dist/fonts/type1/p
ublic/amsfonts/cm/cmbx12.pfb><d:/texlive/2023/texmf-dist/fonts/type1/public/ams
fonts/cm/cmex10.pfb><d:/texlive/2023/texmf-dist/fonts/type1/public/amsfonts/cm/
cmmi10.pfb><d:/texlive/2023/texmf-dist/fonts/type1/public/amsfonts/cm/cmmi7.pfb
><d:/texlive/2023/texmf-dist/fonts/type1/public/amsfonts/cm/cmr10.pfb><d:/texli
ve/2023/texmf-dist/fonts/type1/public/amsfonts/cm/cmr12.pfb><d:/texlive/2023/te
xmf-dist/fonts/type1/public/amsfonts/cm/cmr17.pfb><d:/texlive/2023/texmf-dist/f
onts/type1/public/amsfonts/cm/cmr5.pfb><d:/texlive/2023/texmf-dist/fonts/type1/
public/amsfonts/cm/cmr7.pfb><d:/texlive/2023/texmf-dist/fonts/type1/public/amsf
onts/cm/cmsy10.pfb><d:/texlive/2023/texmf-dist/fonts/type1/public/amsfonts/cm/c
msy7.pfb><d:/texlive/2023/texmf-dist/fonts/type1/public/amsfonts/symbols/msbm10
.pfb><d:/texlive/2023/texmf-dist/fonts/type1/public/cm-super/sfrm1000.pfb>
Output written on report.pdf (5 pages, 1892802 bytes).
PDF statistics:
 526 PDF objects out of 1000 (max. 8388607)
 313 compressed objects within 4 object streams
 0 named destinations out of 1000 (max. 500000)
 381 words of extra memory for PDF output out of 10000 (max. 10000000)

